Arguments: 
  /usr/bin/node /home/rafael/.yarn/bin/yarn.js

PATH: 
  /home/rafael/.yarn/bin:/home/rafael/.config/yarn/global/node_modules/.bin:/home/rafael/dev/tools/forge-distribution-3.9.4.Final/bin:/home/rafael/.minishift/cache/oc/v3.11.0/linux:/home/rafael/.local/bin:/home/rafael/dev/android/platform-tools:/home/rafael/dev/android/tools:/home/rafael/.yarn/bin:/home/rafael/.config/yarn/global/node_modules/.bin:/home/rafael/dev/tools/forge-distribution-3.9.4.Final/bin:/home/rafael/.sdkman/candidates/micronaut/current/bin:/home/rafael/.sdkman/candidates/maven/current/bin:/home/rafael/.sdkman/candidates/java/current/bin:/home/rafael/.sdkman/candidates/gradle/current/bin:/home/rafael/.minishift/cache/oc/v3.11.0/linux:/home/rafael/.local/bin:/home/rafael/dev/android/platform-tools:/home/rafael/dev/android/tools:/home/rafael/.local/bin:/usr/local/sbin:/usr/local/bin:/usr/bin:/usr/lib/jvm/default/bin:/usr/bin/site_perl:/usr/bin/vendor_perl:/usr/bin/core_perl

Yarn version: 
  1.19.1

Node version: 
  13.7.0

Platform: 
  linux x64

Trace: 
  SyntaxError: /home/rafael/dev/estudos/electron/electron-pdf-viewer/package.json: Unexpected token } in JSON at position 515
      at JSON.parse (<anonymous>)
      at /home/rafael/.yarn/lib/cli.js:1625:59
      at Generator.next (<anonymous>)
      at step (/home/rafael/.yarn/lib/cli.js:304:30)
      at /home/rafael/.yarn/lib/cli.js:315:13

npm manifest: 
  {
    "name": "electron-pdf-viewer",
    "version": "1.0.0",
    "description": "A simple PDF Viewer using electron and ViewerJS",
    "main": "src/main/main.js",
    "repository": "github.com/rafaelszp/electron-pdf-viewer",
    "author": "Rafael Pereira",
    "license": "MIT",
    "private": false,
    "scripts":{
      "start": "electron ."
    },
    "dependencies": {
      "pure-uuid": "^1.6.0",
      "fs-extra": "^8.1.0",
      "jquery": "^3.4.1",
      "pdf-to-printer": "^1.4.0"
    },
    "devDependencies": {
      "electron": "^4.2.11",
    }
  }

yarn manifest: 
  No manifest

Lockfile: 
  # THIS IS AN AUTOGENERATED FILE. DO NOT EDIT THIS FILE DIRECTLY.
  # yarn lockfile v1
  
  
  pure-uuid@^1.6.0:
    version "1.6.0"
    resolved "https://registry.yarnpkg.com/pure-uuid/-/pure-uuid-1.6.0.tgz#304da991dbd38d1efd03342d3e104f6666f6e38d"
    integrity sha512-z+A7GMeyPu4X1NoGKraYiOOFzK0HZpnsHwbJZbt9NGGaqrfs3amyuWgRhHnfMJN4MM0IbAsLvHBqt0p1S84UQQ==
